2025-11-20T13:57:35.059Z 	 info: Azurite Blob service is starting on 127.0.0.1:10000
2025-11-20T13:57:35.061Z 	 info: AccountDataStore:init() Refresh accounts from environment variable AZURITE_ACCOUNTS with value undefined
2025-11-20T13:57:35.061Z 	 info: AccountDataStore:init() Fallback to default emulator account devstoreaccount1.
2025-11-20T13:57:35.084Z 	 info: BlobGCManager:start() Starting BlobGCManager. Set status to Initializing.
2025-11-20T13:57:35.084Z 	 info: BlobGCManager:start() Trigger mark and sweep loop. Set status to Running.
2025-11-20T13:57:35.084Z 	 info: BlobGCManager:markSweepLoop() Start next mark and sweep.
2025-11-20T13:57:35.084Z 	 info: BlobGCManager:markSweep() Get all extents.
2025-11-20T13:57:35.085Z 	 info: BlobGCManager:start() BlobGCManager successfully started.
2025-11-20T13:57:35.094Z 	 info: BlobGCManager:markSweep() Got 0 extents.
2025-11-20T13:57:35.094Z 	 info: BlobGCManager:markSweep() Get referred extents.
2025-11-20T13:57:35.094Z 	 info: BlobGCManager:markSweep() Got referred extents, unreferenced extents count is 0.
2025-11-20T13:57:35.095Z 	 info: BlobGCManager:markSweepLoop() Mark and sweep finished, taken 11ms.
2025-11-20T13:57:35.095Z 	 info: BlobGCManager:markSweepLoop() Sleep for 600000ms.
2025-11-20T13:57:35.100Z 	 info: Azurite Blob service successfully listens on http://127.0.0.1:10000
2025-11-20T13:57:35.100Z 	 info: Azurite Queue service is starting on 127.0.0.1:10001
2025-11-20T13:57:35.100Z 	 info: AccountDataStore:init() Refresh accounts from environment variable AZURITE_ACCOUNTS with value undefined
2025-11-20T13:57:35.100Z 	 info: AccountDataStore:init() Fallback to default emulator account devstoreaccount1.
2025-11-20T13:57:35.125Z 	 info: QueueGCManager:start() Starting QueueGCManager, set status to Initializing
2025-11-20T13:57:35.126Z 	 info: QueueGCManager:start() Trigger mark and sweep loop, set status to Running.
2025-11-20T13:57:35.126Z 	 info: QueueGCManager:markSweepLoop() Start new mark and sweep.
2025-11-20T13:57:35.126Z 	 info: QueueGCManger:markSweep() Get all extents.
2025-11-20T13:57:35.126Z 	 info: QueueGCManager:start() QueueGCManager successfully started.
2025-11-20T13:57:35.126Z 	 info: QueueGCManager:marksweep() Get 0 extents.
2025-11-20T13:57:35.126Z 	 info: QueueGCManager:markSweep() Get referred extents, then remove from allExtents.
2025-11-20T13:57:35.126Z 	 info: QueueGCManager:markSweep() Got referred extents, unreferenced extents count is 0.
2025-11-20T13:57:35.126Z 	 info: QueueGCManager:markSweepLoop() Mark and sweep finished, take 0ms.
2025-11-20T13:57:35.126Z 	 info: QueueGCManager:markSweepLoop() Sleep for 60000
2025-11-20T13:57:35.128Z 	 info: Azurite Queue service successfully listens on http://127.0.0.1:10001
2025-11-20T13:57:35.129Z 	 info: Azurite Table service is starting on 127.0.0.1:10002
2025-11-20T13:57:35.129Z 	 info: AccountDataStore:init() Refresh accounts from environment variable AZURITE_ACCOUNTS with value undefined
2025-11-20T13:57:35.129Z 	 info: AccountDataStore:init() Fallback to default emulator account devstoreaccount1.
2025-11-20T13:57:35.141Z 	 info: Azurite Table service successfully listens on http://127.0.0.1:10002
2025-11-20T13:57:35.142Z 	 info: InstaceID d1c91f1f-136b-425b-b33a-3c34a660862b, SessionID baae49eb-3156-40cc-9550-fade2fbcdf32.
2025-11-20T13:57:35.169Z 	 info: Telemetry initialize successfully.
2025-11-20T13:57:35.172Z 	 verbose: Send start telemetry
2025-11-20T13:58:14.229Z 	 info: Azurite Blob service is starting on 127.0.0.1:10000
2025-11-20T13:58:14.230Z 	 info: AccountDataStore:init() Refresh accounts from environment variable AZURITE_ACCOUNTS with value undefined
2025-11-20T13:58:14.230Z 	 info: AccountDataStore:init() Fallback to default emulator account devstoreaccount1.
2025-11-20T13:58:14.260Z 	 info: BlobGCManager:start() Starting BlobGCManager. Set status to Initializing.
2025-11-20T13:58:35.074Z 	 info: AccountDataStore:init() Refresh accounts from environment variable AZURITE_ACCOUNTS with value undefined
2025-11-20T13:58:35.074Z 	 info: AccountDataStore:init() Fallback to default emulator account devstoreaccount1.
2025-11-20T13:58:35.122Z 	 info: AccountDataStore:init() Refresh accounts from environment variable AZURITE_ACCOUNTS with value undefined
2025-11-20T13:58:35.122Z 	 info: AccountDataStore:init() Fallback to default emulator account devstoreaccount1.
2025-11-20T13:58:35.138Z 	 info: QueueGCManager:markSweepLoop() Start new mark and sweep.
2025-11-20T13:58:35.138Z 	 info: QueueGCManger:markSweep() Get all extents.
2025-11-20T13:58:35.138Z 	 info: QueueGCManager:marksweep() Get 0 extents.
2025-11-20T13:58:35.138Z 	 info: QueueGCManager:markSweep() Get referred extents, then remove from allExtents.
2025-11-20T13:58:35.138Z 	 info: QueueGCManager:markSweep() Got referred extents, unreferenced extents count is 0.
2025-11-20T13:58:35.138Z 	 info: QueueGCManager:markSweepLoop() Mark and sweep finished, take 0ms.
2025-11-20T13:58:35.138Z 	 info: QueueGCManager:markSweepLoop() Sleep for 60000
2025-11-20T13:58:35.154Z 	 info: AccountDataStore:init() Refresh accounts from environment variable AZURITE_ACCOUNTS with value undefined
2025-11-20T13:58:35.154Z 	 info: AccountDataStore:init() Fallback to default emulator account devstoreaccount1.
2025-11-20T13:59:35.084Z 	 info: AccountDataStore:init() Refresh accounts from environment variable AZURITE_ACCOUNTS with value undefined
2025-11-20T13:59:35.084Z 	 info: AccountDataStore:init() Fallback to default emulator account devstoreaccount1.
2025-11-20T13:59:35.132Z 	 info: AccountDataStore:init() Refresh accounts from environment variable AZURITE_ACCOUNTS with value undefined
2025-11-20T13:59:35.132Z 	 info: AccountDataStore:init() Fallback to default emulator account devstoreaccount1.
2025-11-20T13:59:35.148Z 	 info: QueueGCManager:markSweepLoop() Start new mark and sweep.
2025-11-20T13:59:35.148Z 	 info: QueueGCManger:markSweep() Get all extents.
2025-11-20T13:59:35.148Z 	 info: QueueGCManager:marksweep() Get 0 extents.
2025-11-20T13:59:35.148Z 	 info: QueueGCManager:markSweep() Get referred extents, then remove from allExtents.
2025-11-20T13:59:35.148Z 	 info: QueueGCManager:markSweep() Got referred extents, unreferenced extents count is 0.
2025-11-20T13:59:35.148Z 	 info: QueueGCManager:markSweepLoop() Mark and sweep finished, take 0ms.
2025-11-20T13:59:35.148Z 	 info: QueueGCManager:markSweepLoop() Sleep for 60000
2025-11-20T13:59:35.164Z 	 info: AccountDataStore:init() Refresh accounts from environment variable AZURITE_ACCOUNTS with value undefined
2025-11-20T13:59:35.164Z 	 info: AccountDataStore:init() Fallback to default emulator account devstoreaccount1.
2025-11-20T14:00:35.090Z 	 info: AccountDataStore:init() Refresh accounts from environment variable AZURITE_ACCOUNTS with value undefined
2025-11-20T14:00:35.090Z 	 info: AccountDataStore:init() Fallback to default emulator account devstoreaccount1.
2025-11-20T14:00:35.138Z 	 info: AccountDataStore:init() Refresh accounts from environment variable AZURITE_ACCOUNTS with value undefined
2025-11-20T14:00:35.138Z 	 info: AccountDataStore:init() Fallback to default emulator account devstoreaccount1.
2025-11-20T14:00:35.154Z 	 info: QueueGCManager:markSweepLoop() Start new mark and sweep.
2025-11-20T14:00:35.155Z 	 info: QueueGCManger:markSweep() Get all extents.
2025-11-20T14:00:35.155Z 	 info: QueueGCManager:marksweep() Get 0 extents.
2025-11-20T14:00:35.155Z 	 info: QueueGCManager:markSweep() Get referred extents, then remove from allExtents.
2025-11-20T14:00:35.155Z 	 info: QueueGCManager:markSweep() Got referred extents, unreferenced extents count is 0.
2025-11-20T14:00:35.155Z 	 info: QueueGCManager:markSweepLoop() Mark and sweep finished, take 0ms.
2025-11-20T14:00:35.155Z 	 info: QueueGCManager:markSweepLoop() Sleep for 60000
2025-11-20T14:00:35.178Z 	 info: AccountDataStore:init() Refresh accounts from environment variable AZURITE_ACCOUNTS with value undefined
2025-11-20T14:00:35.178Z 	 info: AccountDataStore:init() Fallback to default emulator account devstoreaccount1.
2025-11-20T14:01:35.095Z 	 info: AccountDataStore:init() Refresh accounts from environment variable AZURITE_ACCOUNTS with value undefined
2025-11-20T14:01:35.096Z 	 info: AccountDataStore:init() Fallback to default emulator account devstoreaccount1.
2025-11-20T14:01:35.144Z 	 info: AccountDataStore:init() Refresh accounts from environment variable AZURITE_ACCOUNTS with value undefined
2025-11-20T14:01:35.145Z 	 info: AccountDataStore:init() Fallback to default emulator account devstoreaccount1.
2025-11-20T14:01:35.161Z 	 info: QueueGCManager:markSweepLoop() Start new mark and sweep.
2025-11-20T14:01:35.161Z 	 info: QueueGCManger:markSweep() Get all extents.
2025-11-20T14:01:35.161Z 	 info: QueueGCManager:marksweep() Get 0 extents.
2025-11-20T14:01:35.161Z 	 info: QueueGCManager:markSweep() Get referred extents, then remove from allExtents.
2025-11-20T14:01:35.161Z 	 info: QueueGCManager:markSweep() Got referred extents, unreferenced extents count is 0.
2025-11-20T14:01:35.161Z 	 info: QueueGCManager:markSweepLoop() Mark and sweep finished, take 0ms.
2025-11-20T14:01:35.161Z 	 info: QueueGCManager:markSweepLoop() Sleep for 60000
2025-11-20T14:01:35.192Z 	 info: AccountDataStore:init() Refresh accounts from environment variable AZURITE_ACCOUNTS with value undefined
2025-11-20T14:01:35.193Z 	 info: AccountDataStore:init() Fallback to default emulator account devstoreaccount1.
2025-11-20T14:01:43.302Z 	 info: Azurite Blob service is starting on 127.0.0.1:10000
2025-11-20T14:01:43.304Z 	 info: AccountDataStore:init() Refresh accounts from environment variable AZURITE_ACCOUNTS with value undefined
2025-11-20T14:01:43.304Z 	 info: AccountDataStore:init() Fallback to default emulator account devstoreaccount1.
2025-11-20T14:01:43.315Z 	 info: BlobGCManager:start() Starting BlobGCManager. Set status to Initializing.
2025-11-20T14:01:43.316Z 	 info: BlobGCManager:start() Trigger mark and sweep loop. Set status to Running.
2025-11-20T14:01:43.316Z 	 info: BlobGCManager:markSweepLoop() Start next mark and sweep.
2025-11-20T14:01:43.316Z 	 info: BlobGCManager:markSweep() Get all extents.
2025-11-20T14:01:43.316Z 	 info: BlobGCManager:start() BlobGCManager successfully started.
2025-11-20T14:01:43.325Z 	 info: BlobGCManager:markSweep() Got 0 extents.
2025-11-20T14:01:43.325Z 	 info: BlobGCManager:markSweep() Get referred extents.
2025-11-20T14:01:43.326Z 	 info: BlobGCManager:markSweep() Got referred extents, unreferenced extents count is 0.
2025-11-20T14:01:43.326Z 	 info: BlobGCManager:markSweepLoop() Mark and sweep finished, taken 10ms.
2025-11-20T14:01:43.326Z 	 info: BlobGCManager:markSweepLoop() Sleep for 600000ms.
2025-11-20T14:01:43.331Z 	 info: Azurite Blob service successfully listens on http://127.0.0.1:10000
2025-11-20T14:01:43.331Z 	 info: Azurite Queue service is starting on 127.0.0.1:10001
2025-11-20T14:01:43.331Z 	 info: AccountDataStore:init() Refresh accounts from environment variable AZURITE_ACCOUNTS with value undefined
2025-11-20T14:01:43.331Z 	 info: AccountDataStore:init() Fallback to default emulator account devstoreaccount1.
2025-11-20T14:01:43.342Z 	 info: QueueGCManager:start() Starting QueueGCManager, set status to Initializing
2025-11-20T14:01:43.342Z 	 info: QueueGCManager:start() Trigger mark and sweep loop, set status to Running.
2025-11-20T14:01:43.342Z 	 info: QueueGCManager:markSweepLoop() Start new mark and sweep.
2025-11-20T14:01:43.342Z 	 info: QueueGCManger:markSweep() Get all extents.
2025-11-20T14:01:43.342Z 	 info: QueueGCManager:start() QueueGCManager successfully started.
2025-11-20T14:01:43.343Z 	 info: QueueGCManager:marksweep() Get 0 extents.
2025-11-20T14:01:43.343Z 	 info: QueueGCManager:markSweep() Get referred extents, then remove from allExtents.
2025-11-20T14:01:43.343Z 	 info: QueueGCManager:markSweep() Got referred extents, unreferenced extents count is 0.
2025-11-20T14:01:43.343Z 	 info: QueueGCManager:markSweepLoop() Mark and sweep finished, take 1ms.
2025-11-20T14:01:43.343Z 	 info: QueueGCManager:markSweepLoop() Sleep for 60000
2025-11-20T14:01:43.344Z 	 info: Azurite Queue service successfully listens on http://127.0.0.1:10001
2025-11-20T14:01:43.345Z 	 info: Azurite Table service is starting on 127.0.0.1:10002
2025-11-20T14:01:43.345Z 	 info: AccountDataStore:init() Refresh accounts from environment variable AZURITE_ACCOUNTS with value undefined
2025-11-20T14:01:43.345Z 	 info: AccountDataStore:init() Fallback to default emulator account devstoreaccount1.
2025-11-20T14:01:43.349Z 	 info: Azurite Table service successfully listens on http://127.0.0.1:10002
2025-11-20T14:01:43.350Z 	 info: InstaceID d1c91f1f-136b-425b-b33a-3c34a660862b, SessionID eced95f2-debd-44da-9b22-ab49882d5420.
2025-11-20T14:01:43.378Z 	 info: Telemetry initialize successfully.
2025-11-20T14:01:43.381Z 	 verbose: Send start telemetry
2025-11-20T14:01:50.265Z 	 verbose: Send stop telemetry
2025-11-20T14:01:50.266Z 	 info: Azurite Blob service is closing...
2025-11-20T14:01:50.266Z 	 info: Azurite Queue service is closing...
2025-11-20T14:01:50.267Z 	 info: Azurite Table service is closing...
2025-11-20T14:01:50.268Z 	 info: BlobGCManager:close() Start closing BlobGCManager. Set status to Closing.
2025-11-20T14:01:50.268Z 	 info: QueueGCManager:close() Start closing QueueGCManager, set status to Closing.
2025-11-20T14:01:50.268Z 	 info: BlobGCManager:start() Mark and sweep loop is closed.
2025-11-20T14:01:50.268Z 	 info: BlobGCManager:close() BlobGCManager successfully closed. Set status to Closed.
2025-11-20T14:01:50.268Z 	 info: QueueGCManager:start() Mark and sweep loop is closed.
2025-11-20T14:01:50.268Z 	 info: QueueGCManager:close() QueueGCManager successfully closed, set status to Closed.
2025-11-20T14:01:50.268Z 	 info: Azurite Table service successfully closed
2025-11-20T14:01:50.269Z 	 info: Azurite Blob service successfully closed
2025-11-20T14:01:50.269Z 	 info: Azurite Queue service successfully closed
2025-11-20T14:01:59.969Z 	 info: Azurite Blob service is starting on 127.0.0.1:10000
2025-11-20T14:01:59.970Z 	 info: AccountDataStore:init() Refresh accounts from environment variable AZURITE_ACCOUNTS with value undefined
2025-11-20T14:01:59.970Z 	 info: AccountDataStore:init() Fallback to default emulator account devstoreaccount1.
2025-11-20T14:02:00.002Z 	 info: BlobGCManager:start() Starting BlobGCManager. Set status to Initializing.
2025-11-20T14:02:00.002Z 	 info: BlobGCManager:start() Trigger mark and sweep loop. Set status to Running.
2025-11-20T14:02:00.003Z 	 info: BlobGCManager:markSweepLoop() Start next mark and sweep.
2025-11-20T14:02:00.003Z 	 info: BlobGCManager:markSweep() Get all extents.
2025-11-20T14:02:00.003Z 	 info: BlobGCManager:start() BlobGCManager successfully started.
2025-11-20T14:02:00.016Z 	 info: BlobGCManager:markSweep() Got 0 extents.
2025-11-20T14:02:00.017Z 	 info: BlobGCManager:markSweep() Get referred extents.
2025-11-20T14:02:00.018Z 	 info: BlobGCManager:markSweep() Got referred extents, unreferenced extents count is 0.
2025-11-20T14:02:00.018Z 	 info: BlobGCManager:markSweepLoop() Mark and sweep finished, taken 15ms.
2025-11-20T14:02:00.018Z 	 info: BlobGCManager:markSweepLoop() Sleep for 600000ms.
2025-11-20T14:02:00.032Z 	 info: Azurite Blob service successfully listens on http://127.0.0.1:10000
2025-11-20T14:02:00.033Z 	 info: Azurite Queue service is starting on 127.0.0.1:10001
2025-11-20T14:02:00.033Z 	 info: AccountDataStore:init() Refresh accounts from environment variable AZURITE_ACCOUNTS with value undefined
2025-11-20T14:02:00.033Z 	 info: AccountDataStore:init() Fallback to default emulator account devstoreaccount1.
2025-11-20T14:02:00.050Z 	 info: QueueGCManager:start() Starting QueueGCManager, set status to Initializing
2025-11-20T14:02:00.050Z 	 info: QueueGCManager:start() Trigger mark and sweep loop, set status to Running.
2025-11-20T14:02:00.050Z 	 info: QueueGCManager:markSweepLoop() Start new mark and sweep.
2025-11-20T14:02:00.050Z 	 info: QueueGCManger:markSweep() Get all extents.
2025-11-20T14:02:00.050Z 	 info: QueueGCManager:start() QueueGCManager successfully started.
2025-11-20T14:02:00.051Z 	 info: QueueGCManager:marksweep() Get 0 extents.
2025-11-20T14:02:00.051Z 	 info: QueueGCManager:markSweep() Get referred extents, then remove from allExtents.
2025-11-20T14:02:00.051Z 	 info: QueueGCManager:markSweep() Got referred extents, unreferenced extents count is 0.
2025-11-20T14:02:00.051Z 	 info: QueueGCManager:markSweepLoop() Mark and sweep finished, take 1ms.
2025-11-20T14:02:00.051Z 	 info: QueueGCManager:markSweepLoop() Sleep for 60000
2025-11-20T14:02:00.053Z 	 info: Azurite Queue service successfully listens on http://127.0.0.1:10001
2025-11-20T14:02:00.053Z 	 info: Azurite Table service is starting on 127.0.0.1:10002
2025-11-20T14:02:00.053Z 	 info: AccountDataStore:init() Refresh accounts from environment variable AZURITE_ACCOUNTS with value undefined
2025-11-20T14:02:00.053Z 	 info: AccountDataStore:init() Fallback to default emulator account devstoreaccount1.
2025-11-20T14:02:00.058Z 	 info: Azurite Table service successfully listens on http://127.0.0.1:10002
2025-11-20T14:02:00.059Z 	 info: InstaceID d1c91f1f-136b-425b-b33a-3c34a660862b, SessionID f9ed70b5-4498-4903-801a-56af6bffda6a.
2025-11-20T14:02:00.085Z 	 info: Telemetry initialize successfully.
2025-11-20T14:02:00.088Z 	 verbose: Send start telemetry
2025-11-20T14:02:59.985Z 	 info: AccountDataStore:init() Refresh accounts from environment variable AZURITE_ACCOUNTS with value undefined
2025-11-20T14:02:59.987Z 	 info: AccountDataStore:init() Fallback to default emulator account devstoreaccount1.
2025-11-20T14:03:00.038Z 	 info: AccountDataStore:init() Refresh accounts from environment variable AZURITE_ACCOUNTS with value undefined
2025-11-20T14:03:00.039Z 	 info: AccountDataStore:init() Fallback to default emulator account devstoreaccount1.
2025-11-20T14:03:00.059Z 	 info: QueueGCManager:markSweepLoop() Start new mark and sweep.
2025-11-20T14:03:00.065Z 	 info: QueueGCManger:markSweep() Get all extents.
2025-11-20T14:03:00.066Z 	 info: QueueGCManager:marksweep() Get 0 extents.
2025-11-20T14:03:00.067Z 	 info: QueueGCManager:markSweep() Get referred extents, then remove from allExtents.
2025-11-20T14:03:00.067Z 	 info: QueueGCManager:markSweep() Got referred extents, unreferenced extents count is 0.
2025-11-20T14:03:00.067Z 	 info: QueueGCManager:markSweepLoop() Mark and sweep finished, take 2ms.
2025-11-20T14:03:00.068Z 	 info: QueueGCManager:markSweepLoop() Sleep for 60000
2025-11-20T14:03:00.069Z 	 info: AccountDataStore:init() Refresh accounts from environment variable AZURITE_ACCOUNTS with value undefined
2025-11-20T14:03:00.073Z 	 info: AccountDataStore:init() Fallback to default emulator account devstoreaccount1.
2025-11-20T14:03:59.988Z 	 info: AccountDataStore:init() Refresh accounts from environment variable AZURITE_ACCOUNTS with value undefined
2025-11-20T14:03:59.988Z 	 info: AccountDataStore:init() Fallback to default emulator account devstoreaccount1.
2025-11-20T14:04:00.039Z 	 info: AccountDataStore:init() Refresh accounts from environment variable AZURITE_ACCOUNTS with value undefined
2025-11-20T14:04:00.039Z 	 info: AccountDataStore:init() Fallback to default emulator account devstoreaccount1.
2025-11-20T14:04:00.070Z 	 info: QueueGCManager:markSweepLoop() Start new mark and sweep.
2025-11-20T14:04:00.070Z 	 info: QueueGCManger:markSweep() Get all extents.
2025-11-20T14:04:00.070Z 	 info: QueueGCManager:marksweep() Get 0 extents.
2025-11-20T14:04:00.070Z 	 info: QueueGCManager:markSweep() Get referred extents, then remove from allExtents.
2025-11-20T14:04:00.071Z 	 info: QueueGCManager:markSweep() Got referred extents, unreferenced extents count is 0.
2025-11-20T14:04:00.071Z 	 info: QueueGCManager:markSweepLoop() Mark and sweep finished, take 1ms.
2025-11-20T14:04:00.071Z 	 info: QueueGCManager:markSweepLoop() Sleep for 60000
2025-11-20T14:04:00.071Z 	 info: AccountDataStore:init() Refresh accounts from environment variable AZURITE_ACCOUNTS with value undefined
2025-11-20T14:04:00.071Z 	 info: AccountDataStore:init() Fallback to default emulator account devstoreaccount1.
2025-11-20T14:05:00.000Z 	 info: AccountDataStore:init() Refresh accounts from environment variable AZURITE_ACCOUNTS with value undefined
2025-11-20T14:05:00.000Z 	 info: AccountDataStore:init() Fallback to default emulator account devstoreaccount1.
2025-11-20T14:05:00.047Z 	 info: AccountDataStore:init() Refresh accounts from environment variable AZURITE_ACCOUNTS with value undefined
2025-11-20T14:05:00.048Z 	 info: AccountDataStore:init() Fallback to default emulator account devstoreaccount1.
2025-11-20T14:05:00.075Z 	 info: QueueGCManager:markSweepLoop() Start new mark and sweep.
2025-11-20T14:05:00.075Z 	 info: QueueGCManger:markSweep() Get all extents.
2025-11-20T14:05:00.075Z 	 info: QueueGCManager:marksweep() Get 0 extents.
2025-11-20T14:05:00.075Z 	 info: QueueGCManager:markSweep() Get referred extents, then remove from allExtents.
2025-11-20T14:05:00.075Z 	 info: QueueGCManager:markSweep() Got referred extents, unreferenced extents count is 0.
2025-11-20T14:05:00.075Z 	 info: QueueGCManager:markSweepLoop() Mark and sweep finished, take 0ms.
2025-11-20T14:05:00.075Z 	 info: QueueGCManager:markSweepLoop() Sleep for 60000
2025-11-20T14:05:00.076Z 	 info: AccountDataStore:init() Refresh accounts from environment variable AZURITE_ACCOUNTS with value undefined
2025-11-20T14:05:00.076Z 	 info: AccountDataStore:init() Fallback to default emulator account devstoreaccount1.
2025-11-20T14:06:00.012Z 	 info: AccountDataStore:init() Refresh accounts from environment variable AZURITE_ACCOUNTS with value undefined
2025-11-20T14:06:00.012Z 	 info: AccountDataStore:init() Fallback to default emulator account devstoreaccount1.
2025-11-20T14:06:00.048Z 	 info: AccountDataStore:init() Refresh accounts from environment variable AZURITE_ACCOUNTS with value undefined
2025-11-20T14:06:00.049Z 	 info: AccountDataStore:init() Fallback to default emulator account devstoreaccount1.
2025-11-20T14:06:00.081Z 	 info: QueueGCManager:markSweepLoop() Start new mark and sweep.
2025-11-20T14:06:00.081Z 	 info: QueueGCManger:markSweep() Get all extents.
2025-11-20T14:06:00.081Z 	 info: QueueGCManager:marksweep() Get 0 extents.
2025-11-20T14:06:00.081Z 	 info: QueueGCManager:markSweep() Get referred extents, then remove from allExtents.
2025-11-20T14:06:00.081Z 	 info: QueueGCManager:markSweep() Got referred extents, unreferenced extents count is 0.
2025-11-20T14:06:00.081Z 	 info: QueueGCManager:markSweepLoop() Mark and sweep finished, take 0ms.
2025-11-20T14:06:00.081Z 	 info: QueueGCManager:markSweepLoop() Sleep for 60000
2025-11-20T14:06:00.081Z 	 info: AccountDataStore:init() Refresh accounts from environment variable AZURITE_ACCOUNTS with value undefined
2025-11-20T14:06:00.081Z 	 info: AccountDataStore:init() Fallback to default emulator account devstoreaccount1.
2025-11-20T14:07:00.020Z 	 info: AccountDataStore:init() Refresh accounts from environment variable AZURITE_ACCOUNTS with value undefined
2025-11-20T14:07:00.020Z 	 info: AccountDataStore:init() Fallback to default emulator account devstoreaccount1.
2025-11-20T14:07:00.054Z 	 info: AccountDataStore:init() Refresh accounts from environment variable AZURITE_ACCOUNTS with value undefined
2025-11-20T14:07:00.054Z 	 info: AccountDataStore:init() Fallback to default emulator account devstoreaccount1.
2025-11-20T14:07:00.091Z 	 info: QueueGCManager:markSweepLoop() Start new mark and sweep.
2025-11-20T14:07:00.091Z 	 info: QueueGCManger:markSweep() Get all extents.
2025-11-20T14:07:00.092Z 	 info: QueueGCManager:marksweep() Get 0 extents.
2025-11-20T14:07:00.092Z 	 info: QueueGCManager:markSweep() Get referred extents, then remove from allExtents.
2025-11-20T14:07:00.092Z 	 info: QueueGCManager:markSweep() Got referred extents, unreferenced extents count is 0.
2025-11-20T14:07:00.092Z 	 info: QueueGCManager:markSweepLoop() Mark and sweep finished, take 1ms.
2025-11-20T14:07:00.092Z 	 info: QueueGCManager:markSweepLoop() Sleep for 60000
2025-11-20T14:07:00.092Z 	 info: AccountDataStore:init() Refresh accounts from environment variable AZURITE_ACCOUNTS with value undefined
2025-11-20T14:07:00.092Z 	 info: AccountDataStore:init() Fallback to default emulator account devstoreaccount1.
